2019-06-06 15:13:35.757  INFO 11064 --- [main] com.demo.SpringbootapiApplication        : Starting SpringbootapiApplication on DESKTOP-RRC9P7A with PID 11064 (E:\Study\Springboot\springbootapi\target\classes started by Admin in E:\Study\Springboot\springbootapi)
2019-06-06 15:13:35.771  INFO 11064 --- [main] com.demo.SpringbootapiApplication        : No active profile set, falling back to default profiles: default
2019-06-06 15:13:38.089  INFO 11064 --- [main] .s.d.r.c.RepositoryConfigurationDelegate : Bootstrapping Spring Data repositories in DEFAULT mode.
2019-06-06 15:13:38.244  INFO 11064 --- [main] .s.d.r.c.RepositoryConfigurationDelegate : Finished Spring Data repository scanning in 137ms. Found 2 repository interfaces.
2019-06-06 15:13:39.033  INFO 11064 --- [main] trationDelegate$BeanPostProcessorChecker : Bean 'org.springframework.ws.config.annotation.DelegatingWsConfiguration' of type [org.springframework.ws.config.annotation.DelegatingWsConfiguration$$EnhancerBySpringCGLIB$$6d6d8782] is not eligible for getting processed by all BeanPostProcessors (for example: not eligible for auto-proxying)
2019-06-06 15:13:39.110  INFO 11064 --- [main] .w.s.a.s.AnnotationActionEndpointMapping : Supporting [WS-Addressing August 2004, WS-Addressing 1.0]
2019-06-06 15:13:39.179  INFO 11064 --- [main] trationDelegate$BeanPostProcessorChecker : Bean 'org.springframework.transaction.annotation.ProxyTransactionManagementConfiguration' of type [org.springframework.transaction.annotation.ProxyTransactionManagementConfiguration$$EnhancerBySpringCGLIB$$c8d5c283] is not eligible for getting processed by all BeanPostProcessors (for example: not eligible for auto-proxying)
2019-06-06 15:13:40.272  INFO 11064 --- [main] o.s.b.w.embedded.tomcat.TomcatWebServer  : Tomcat initialized with port(s): 8081 (http)
2019-06-06 15:13:40.317  INFO 11064 --- [main] o.apache.catalina.core.StandardService   : Starting service [Tomcat]
2019-06-06 15:13:40.318  INFO 11064 --- [main] org.apache.catalina.core.StandardEngine  : Starting Servlet engine: [Apache Tomcat/9.0.17]
2019-06-06 15:13:40.603  INFO 11064 --- [main] o.a.c.c.C.[Tomcat].[localhost].[/]       : Initializing Spring embedded WebApplicationContext
2019-06-06 15:13:40.603  INFO 11064 --- [main] o.s.web.context.ContextLoader            : Root WebApplicationContext: initialization completed in 4516 ms
2019-06-06 15:13:41.310  INFO 11064 --- [main] com.zaxxer.hikari.HikariDataSource       : HikariPool-1 - Starting...
2019-06-06 15:13:41.319  WARN 11064 --- [main] com.zaxxer.hikari.util.DriverDataSource  : Registered driver with driverClassName=com.mysql.jdbc.Driver was not found, trying direct instantiation.
2019-06-06 15:13:41.721  INFO 11064 --- [main] com.zaxxer.hikari.HikariDataSource       : HikariPool-1 - Start completed.
2019-06-06 15:13:41.937  INFO 11064 --- [main] o.hibernate.jpa.internal.util.LogHelper  : HHH000204: Processing PersistenceUnitInfo [
	name: default
	...]
2019-06-06 15:13:42.246  INFO 11064 --- [main] org.hibernate.Version                    : HHH000412: Hibernate Core {5.3.9.Final}
2019-06-06 15:13:42.249  INFO 11064 --- [main] org.hibernate.cfg.Environment            : HHH000206: hibernate.properties not found
2019-06-06 15:13:42.810  INFO 11064 --- [main] o.hibernate.annotations.common.Version   : HCANN000001: Hibernate Commons Annotations {5.0.4.Final}
2019-06-06 15:13:43.373  INFO 11064 --- [main] org.hibernate.dialect.Dialect            : HHH000400: Using dialect: org.hibernate.dialect.MySQLDialect
2019-06-06 15:13:45.227  INFO 11064 --- [main] j.LocalContainerEntityManagerFactoryBean : Initialized JPA EntityManagerFactory for persistence unit 'default'
2019-06-06 15:13:46.166  INFO 11064 --- [main] o.h.h.i.QueryTranslatorFactoryInitiator  : HHH000397: Using ASTQueryTranslatorFactory
2019-06-06 15:13:47.073  INFO 11064 --- [main] o.s.s.web.DefaultSecurityFilterChain     : Creating filter chain: Ant [pattern='/css/**'], []
2019-06-06 15:13:47.074  INFO 11064 --- [main] o.s.s.web.DefaultSecurityFilterChain     : Creating filter chain: Ant [pattern='/js/**'], []
2019-06-06 15:13:47.074  INFO 11064 --- [main] o.s.s.web.DefaultSecurityFilterChain     : Creating filter chain: Ant [pattern='/images/**'], []
2019-06-06 15:13:47.173  INFO 11064 --- [main] o.s.s.web.DefaultSecurityFilterChain     : Creating filter chain: any request, [org.springframework.security.web.context.request.async.WebAsyncManagerIntegrationFilter@4eace42b, org.springframework.security.web.context.SecurityContextPersistenceFilter@1ea19c97, org.springframework.security.web.header.HeaderWriterFilter@45375bdf, org.springframework.web.filter.CorsFilter@6f87a7c7, org.springframework.security.web.authentication.logout.LogoutFilter@55315a00, org.springframework.security.web.authentication.www.BasicAuthenticationFilter@41cf4272, org.springframework.security.web.savedrequest.RequestCacheAwareFilter@52dd1be2, org.springframework.security.web.servletapi.SecurityContextHolderAwareRequestFilter@43b2e7db, org.springframework.security.web.authentication.AnonymousAuthenticationFilter@857f1a7, org.springframework.security.web.session.SessionManagementFilter@510a2c7, org.springframework.security.web.access.ExceptionTranslationFilter@7535307c, org.springframework.security.web.access.intercept.FilterSecurityInterceptor@787a4519]
2019-06-06 15:13:47.590  INFO 11064 --- [main] o.s.s.concurrent.ThreadPoolTaskExecutor  : Initializing ExecutorService 'applicationTaskExecutor'
2019-06-06 15:13:47.695  WARN 11064 --- [main] aWebConfiguration$JpaWebMvcConfiguration : spring.jpa.open-in-view is enabled by default. Therefore, database queries may be performed during view rendering. Explicitly configure spring.jpa.open-in-view to disable this warning
2019-06-06 15:13:47.881  WARN 11064 --- [main] org.thymeleaf.templatemode.TemplateMode  : [THYMELEAF][main] Template Mode 'HTML5' is deprecated. Using Template Mode 'HTML' instead.
2019-06-06 15:13:47.936  INFO 11064 --- [main] o.s.b.a.w.s.WelcomePageHandlerMapping    : Adding welcome page template: index
2019-06-06 15:13:48.266  INFO 11064 --- [main] o.s.b.w.embedded.tomcat.TomcatWebServer  : Tomcat started on port(s): 8081 (http) with context path ''
2019-06-06 15:13:48.275  INFO 11064 --- [main] com.demo.SpringbootapiApplication        : Started SpringbootapiApplication in 13.584 seconds (JVM running for 22.967)
2019-06-06 15:14:04.113  INFO 8268 --- [main] com.demo.SpringbootapiApplication        : Starting SpringbootapiApplication on DESKTOP-RRC9P7A with PID 8268 (E:\Study\Springboot\springbootapi\target\classes started by Admin in E:\Study\Springboot\springbootapi)
2019-06-06 15:14:04.117  INFO 8268 --- [main] com.demo.SpringbootapiApplication        : No active profile set, falling back to default profiles: default
2019-06-06 15:14:05.331  INFO 8268 --- [main] .s.d.r.c.RepositoryConfigurationDelegate : Bootstrapping Spring Data repositories in DEFAULT mode.
2019-06-06 15:14:05.440  INFO 8268 --- [main] .s.d.r.c.RepositoryConfigurationDelegate : Finished Spring Data repository scanning in 96ms. Found 2 repository interfaces.
2019-06-06 15:14:05.999  INFO 8268 --- [main] trationDelegate$BeanPostProcessorChecker : Bean 'org.springframework.ws.config.annotation.DelegatingWsConfiguration' of type [org.springframework.ws.config.annotation.DelegatingWsConfiguration$$EnhancerBySpringCGLIB$$632c94fd] is not eligible for getting processed by all BeanPostProcessors (for example: not eligible for auto-proxying)
2019-06-06 15:14:06.042  INFO 8268 --- [main] .w.s.a.s.AnnotationActionEndpointMapping : Supporting [WS-Addressing August 2004, WS-Addressing 1.0]
2019-06-06 15:14:06.098  INFO 8268 --- [main] trationDelegate$BeanPostProcessorChecker : Bean 'org.springframework.transaction.annotation.ProxyTransactionManagementConfiguration' of type [org.springframework.transaction.annotation.ProxyTransactionManagementConfiguration$$EnhancerBySpringCGLIB$$be94cffe] is not eligible for getting processed by all BeanPostProcessors (for example: not eligible for auto-proxying)
2019-06-06 15:14:06.693  INFO 8268 --- [main] o.s.b.w.embedded.tomcat.TomcatWebServer  : Tomcat initialized with port(s): 8081 (http)
2019-06-06 15:14:06.732  INFO 8268 --- [main] o.apache.catalina.core.StandardService   : Starting service [Tomcat]
2019-06-06 15:14:06.733  INFO 8268 --- [main] org.apache.catalina.core.StandardEngine  : Starting Servlet engine: [Apache Tomcat/9.0.17]
2019-06-06 15:14:07.050  INFO 8268 --- [main] o.a.c.c.C.[Tomcat].[localhost].[/]       : Initializing Spring embedded WebApplicationContext
2019-06-06 15:14:07.050  INFO 8268 --- [main] o.s.web.context.ContextLoader            : Root WebApplicationContext: initialization completed in 2845 ms
2019-06-06 15:14:07.298  INFO 8268 --- [main] com.zaxxer.hikari.HikariDataSource       : HikariPool-1 - Starting...
2019-06-06 15:14:07.305  WARN 8268 --- [main] com.zaxxer.hikari.util.DriverDataSource  : Registered driver with driverClassName=com.mysql.jdbc.Driver was not found, trying direct instantiation.
2019-06-06 15:14:07.531  INFO 8268 --- [main] com.zaxxer.hikari.HikariDataSource       : HikariPool-1 - Start completed.
2019-06-06 15:14:07.603  INFO 8268 --- [main] o.hibernate.jpa.internal.util.LogHelper  : HHH000204: Processing PersistenceUnitInfo [
	name: default
	...]
2019-06-06 15:14:07.722  INFO 8268 --- [main] org.hibernate.Version                    : HHH000412: Hibernate Core {5.3.9.Final}
2019-06-06 15:14:07.727  INFO 8268 --- [main] org.hibernate.cfg.Environment            : HHH000206: hibernate.properties not found
2019-06-06 15:14:07.888  INFO 8268 --- [main] o.hibernate.annotations.common.Version   : HCANN000001: Hibernate Commons Annotations {5.0.4.Final}
2019-06-06 15:14:08.058  INFO 8268 --- [main] org.hibernate.dialect.Dialect            : HHH000400: Using dialect: org.hibernate.dialect.MySQLDialect
2019-06-06 15:14:08.758  INFO 8268 --- [main] j.LocalContainerEntityManagerFactoryBean : Initialized JPA EntityManagerFactory for persistence unit 'default'
2019-06-06 15:14:09.265  INFO 8268 --- [main] o.h.h.i.QueryTranslatorFactoryInitiator  : HHH000397: Using ASTQueryTranslatorFactory
2019-06-06 15:14:09.717  INFO 8268 --- [main] o.s.s.web.DefaultSecurityFilterChain     : Creating filter chain: Ant [pattern='/css/**'], []
2019-06-06 15:14:09.718  INFO 8268 --- [main] o.s.s.web.DefaultSecurityFilterChain     : Creating filter chain: Ant [pattern='/js/**'], []
2019-06-06 15:14:09.718  INFO 8268 --- [main] o.s.s.web.DefaultSecurityFilterChain     : Creating filter chain: Ant [pattern='/images/**'], []
2019-06-06 15:14:09.773  INFO 8268 --- [main] o.s.s.web.DefaultSecurityFilterChain     : Creating filter chain: any request, [org.springframework.security.web.context.request.async.WebAsyncManagerIntegrationFilter@3ac0a14b, org.springframework.security.web.context.SecurityContextPersistenceFilter@4276ad40, org.springframework.security.web.header.HeaderWriterFilter@69e2fe3b, org.springframework.web.filter.CorsFilter@e972ee1, org.springframework.security.web.authentication.logout.LogoutFilter@27896d3b, org.springframework.security.web.authentication.www.BasicAuthenticationFilter@4e7bc939, org.springframework.security.web.savedrequest.RequestCacheAwareFilter@5fb07347, org.springframework.security.web.servletapi.SecurityContextHolderAwareRequestFilter@7d284f15, org.springframework.security.web.authentication.AnonymousAuthenticationFilter@5e24592e, org.springframework.security.web.session.SessionManagementFilter@467ef400, org.springframework.security.web.access.ExceptionTranslationFilter@598657cd, org.springframework.security.web.access.intercept.FilterSecurityInterceptor@612af486]
2019-06-06 15:14:10.249  INFO 8268 --- [main] o.s.s.concurrent.ThreadPoolTaskExecutor  : Initializing ExecutorService 'applicationTaskExecutor'
2019-06-06 15:14:10.327  WARN 8268 --- [main] aWebConfiguration$JpaWebMvcConfiguration : spring.jpa.open-in-view is enabled by default. Therefore, database queries may be performed during view rendering. Explicitly configure spring.jpa.open-in-view to disable this warning
2019-06-06 15:14:10.456  WARN 8268 --- [main] org.thymeleaf.templatemode.TemplateMode  : [THYMELEAF][main] Template Mode 'HTML5' is deprecated. Using Template Mode 'HTML' instead.
2019-06-06 15:14:10.505  INFO 8268 --- [main] o.s.b.a.w.s.WelcomePageHandlerMapping    : Adding welcome page template: index
2019-06-06 15:14:10.739 ERROR 8268 --- [main] org.apache.catalina.util.LifecycleBase   : Failed to start component [Connector[HTTP/1.1-8081]]

org.apache.catalina.LifecycleException: Protocol handler start failed
	at org.apache.catalina.connector.Connector.startInternal(Connector.java:1008) ~[tomcat-embed-core-9.0.17.jar:9.0.17]
	at org.apache.catalina.util.LifecycleBase.start(LifecycleBase.java:183) ~[tomcat-embed-core-9.0.17.jar:9.0.17]
	at org.apache.catalina.core.StandardService.addConnector(StandardService.java:226) [tomcat-embed-core-9.0.17.jar:9.0.17]
	at org.springframework.boot.web.embedded.tomcat.TomcatWebServer.addPreviouslyRemovedConnectors(TomcatWebServer.java:259) [spring-boot-2.1.4.RELEASE.jar:2.1.4.RELEASE]
	at org.springframework.boot.web.embedded.tomcat.TomcatWebServer.start(TomcatWebServer.java:197) [spring-boot-2.1.4.RELEASE.jar:2.1.4.RELEASE]
	at org.springframework.boot.web.servlet.context.ServletWebServerApplicationContext.startWebServer(ServletWebServerApplicationContext.java:311) [spring-boot-2.1.4.RELEASE.jar:2.1.4.RELEASE]
	at org.springframework.boot.web.servlet.context.ServletWebServerApplicationContext.finishRefresh(ServletWebServerApplicationContext.java:164) [spring-boot-2.1.4.RELEASE.jar:2.1.4.RELEASE]
	at org.springframework.context.support.AbstractApplicationContext.refresh(AbstractApplicationContext.java:552) [spring-context-5.1.6.RELEASE.jar:5.1.6.RELEASE]
	at org.springframework.boot.web.servlet.context.ServletWebServerApplicationContext.refresh(ServletWebServerApplicationContext.java:142) [spring-boot-2.1.4.RELEASE.jar:2.1.4.RELEASE]
	at org.springframework.boot.SpringApplication.refresh(SpringApplication.java:775) [spring-boot-2.1.4.RELEASE.jar:2.1.4.RELEASE]
	at org.springframework.boot.SpringApplication.refreshContext(SpringApplication.java:397) [spring-boot-2.1.4.RELEASE.jar:2.1.4.RELEASE]
	at org.springframework.boot.SpringApplication.run(SpringApplication.java:316) [spring-boot-2.1.4.RELEASE.jar:2.1.4.RELEASE]
	at org.springframework.boot.SpringApplication.run(SpringApplication.java:1260) [spring-boot-2.1.4.RELEASE.jar:2.1.4.RELEASE]
	at org.springframework.boot.SpringApplication.run(SpringApplication.java:1248) [spring-boot-2.1.4.RELEASE.jar:2.1.4.RELEASE]
	at com.demo.SpringbootapiApplication.main(SpringbootapiApplication.java:29) [classes/:na]
Caused by: java.net.BindException: Address already in use: bind
	at sun.nio.ch.Net.bind0(Native Method) ~[na:1.8.0_201]
	at sun.nio.ch.Net.bind(Unknown Source) ~[na:1.8.0_201]
	at sun.nio.ch.Net.bind(Unknown Source) ~[na:1.8.0_201]
	at sun.nio.ch.ServerSocketChannelImpl.bind(Unknown Source) ~[na:1.8.0_201]
	at sun.nio.ch.ServerSocketAdaptor.bind(Unknown Source) ~[na:1.8.0_201]
	at org.apache.tomcat.util.net.NioEndpoint.initServerSocket(NioEndpoint.java:236) ~[tomcat-embed-core-9.0.17.jar:9.0.17]
	at org.apache.tomcat.util.net.NioEndpoint.bind(NioEndpoint.java:210) ~[tomcat-embed-core-9.0.17.jar:9.0.17]
	at org.apache.tomcat.util.net.AbstractEndpoint.bindWithCleanup(AbstractEndpoint.java:1103) ~[tomcat-embed-core-9.0.17.jar:9.0.17]
	at org.apache.tomcat.util.net.AbstractEndpoint.start(AbstractEndpoint.java:1189) ~[tomcat-embed-core-9.0.17.jar:9.0.17]
	at org.apache.coyote.AbstractProtocol.start(AbstractProtocol.java:568) ~[tomcat-embed-core-9.0.17.jar:9.0.17]
	at org.apache.catalina.connector.Connector.startInternal(Connector.java:1005) ~[tomcat-embed-core-9.0.17.jar:9.0.17]
	... 14 common frames omitted

2019-06-06 15:14:10.747  INFO 8268 --- [main] o.apache.catalina.core.StandardService   : Stopping service [Tomcat]
2019-06-06 15:14:10.807  INFO 8268 --- [main] ConditionEvaluationReportLoggingListener : 

Error starting ApplicationContext. To display the conditions report re-run your application with 'debug' enabled.
2019-06-06 15:14:10.810 ERROR 8268 --- [main] o.s.b.d.LoggingFailureAnalysisReporter   : 

***************************
APPLICATION FAILED TO START
***************************

Description:

The Tomcat connector configured to listen on port 8081 failed to start. The port may already be in use or the connector may be misconfigured.

Action:

Verify the connector's configuration, identify and stop any process that's listening on port 8081, or configure this application to listen on another port.

2019-06-06 15:14:10.815  INFO 8268 --- [main] o.s.s.concurrent.ThreadPoolTaskExecutor  : Shutting down ExecutorService 'applicationTaskExecutor'
2019-06-06 15:14:10.818  INFO 8268 --- [main] j.LocalContainerEntityManagerFactoryBean : Closing JPA EntityManagerFactory for persistence unit 'default'
2019-06-06 15:14:10.821  INFO 8268 --- [main] com.zaxxer.hikari.HikariDataSource       : HikariPool-1 - Shutdown initiated...
2019-06-06 15:14:10.833  INFO 8268 --- [main] com.zaxxer.hikari.HikariDataSource       : HikariPool-1 - Shutdown completed.
2019-06-06 15:14:17.876  INFO 2004 --- [main] com.demo.SpringbootapiApplication        : Starting SpringbootapiApplication on DESKTOP-RRC9P7A with PID 2004 (E:\Study\Springboot\springbootapi\target\classes started by Admin in E:\Study\Springboot\springbootapi)
2019-06-06 15:14:17.881  INFO 2004 --- [main] com.demo.SpringbootapiApplication        : No active profile set, falling back to default profiles: default
2019-06-06 15:14:19.129  INFO 2004 --- [main] .s.d.r.c.RepositoryConfigurationDelegate : Bootstrapping Spring Data repositories in DEFAULT mode.
2019-06-06 15:14:19.214  INFO 2004 --- [main] .s.d.r.c.RepositoryConfigurationDelegate : Finished Spring Data repository scanning in 74ms. Found 2 repository interfaces.
2019-06-06 15:14:19.731  INFO 2004 --- [main] trationDelegate$BeanPostProcessorChecker : Bean 'org.springframework.ws.config.annotation.DelegatingWsConfiguration' of type [org.springframework.ws.config.annotation.DelegatingWsConfiguration$$EnhancerBySpringCGLIB$$c2388130] is not eligible for getting processed by all BeanPostProcessors (for example: not eligible for auto-proxying)
2019-06-06 15:14:19.770  INFO 2004 --- [main] .w.s.a.s.AnnotationActionEndpointMapping : Supporting [WS-Addressing August 2004, WS-Addressing 1.0]
2019-06-06 15:14:19.816  INFO 2004 --- [main] trationDelegate$BeanPostProcessorChecker : Bean 'org.springframework.transaction.annotation.ProxyTransactionManagementConfiguration' of type [org.springframework.transaction.annotation.ProxyTransactionManagementConfiguration$$EnhancerBySpringCGLIB$$1da0bc31] is not eligible for getting processed by all BeanPostProcessors (for example: not eligible for auto-proxying)
2019-06-06 15:14:20.424  INFO 2004 --- [main] o.s.b.w.embedded.tomcat.TomcatWebServer  : Tomcat initialized with port(s): 8081 (http)
2019-06-06 15:14:20.461  INFO 2004 --- [main] o.apache.catalina.core.StandardService   : Starting service [Tomcat]
2019-06-06 15:14:20.462  INFO 2004 --- [main] org.apache.catalina.core.StandardEngine  : Starting Servlet engine: [Apache Tomcat/9.0.17]
2019-06-06 15:14:20.711  INFO 2004 --- [main] o.a.c.c.C.[Tomcat].[localhost].[/]       : Initializing Spring embedded WebApplicationContext
2019-06-06 15:14:20.712  INFO 2004 --- [main] o.s.web.context.ContextLoader            : Root WebApplicationContext: initialization completed in 2746 ms
2019-06-06 15:14:20.969  INFO 2004 --- [main] com.zaxxer.hikari.HikariDataSource       : HikariPool-1 - Starting...
2019-06-06 15:14:20.974  WARN 2004 --- [main] com.zaxxer.hikari.util.DriverDataSource  : Registered driver with driverClassName=com.mysql.jdbc.Driver was not found, trying direct instantiation.
2019-06-06 15:14:21.170  INFO 2004 --- [main] com.zaxxer.hikari.HikariDataSource       : HikariPool-1 - Start completed.
2019-06-06 15:14:21.230  INFO 2004 --- [main] o.hibernate.jpa.internal.util.LogHelper  : HHH000204: Processing PersistenceUnitInfo [
	name: default
	...]
2019-06-06 15:14:21.327  INFO 2004 --- [main] org.hibernate.Version                    : HHH000412: Hibernate Core {5.3.9.Final}
2019-06-06 15:14:21.329  INFO 2004 --- [main] org.hibernate.cfg.Environment            : HHH000206: hibernate.properties not found
2019-06-06 15:14:21.519  INFO 2004 --- [main] o.hibernate.annotations.common.Version   : HCANN000001: Hibernate Commons Annotations {5.0.4.Final}
2019-06-06 15:14:21.683  INFO 2004 --- [main] org.hibernate.dialect.Dialect            : HHH000400: Using dialect: org.hibernate.dialect.MySQLDialect
2019-06-06 15:14:22.392  INFO 2004 --- [main] j.LocalContainerEntityManagerFactoryBean : Initialized JPA EntityManagerFactory for persistence unit 'default'
2019-06-06 15:14:22.885  INFO 2004 --- [main] o.h.h.i.QueryTranslatorFactoryInitiator  : HHH000397: Using ASTQueryTranslatorFactory
2019-06-06 15:14:23.381  INFO 2004 --- [main] o.s.s.web.DefaultSecurityFilterChain     : Creating filter chain: Ant [pattern='/css/**'], []
2019-06-06 15:14:23.382  INFO 2004 --- [main] o.s.s.web.DefaultSecurityFilterChain     : Creating filter chain: Ant [pattern='/js/**'], []
2019-06-06 15:14:23.383  INFO 2004 --- [main] o.s.s.web.DefaultSecurityFilterChain     : Creating filter chain: Ant [pattern='/images/**'], []
2019-06-06 15:14:23.467  INFO 2004 --- [main] o.s.s.web.DefaultSecurityFilterChain     : Creating filter chain: any request, [org.springframework.security.web.context.request.async.WebAsyncManagerIntegrationFilter@6e93b0e7, org.springframework.security.web.context.SecurityContextPersistenceFilter@14be750c, org.springframework.security.web.header.HeaderWriterFilter@5563bb40, org.springframework.web.filter.CorsFilter@5eeee124, org.springframework.security.web.authentication.logout.LogoutFilter@467ef400, org.springframework.security.web.authentication.www.BasicAuthenticationFilter@16ea0f22, org.springframework.security.web.savedrequest.RequestCacheAwareFilter@15e08615, org.springframework.security.web.servletapi.SecurityContextHolderAwareRequestFilter@bd4ee01, org.springframework.security.web.authentication.AnonymousAuthenticationFilter@62cd562d, org.springframework.security.web.session.SessionManagementFilter@40f1aa95, org.springframework.security.web.access.ExceptionTranslationFilter@66298fe9, org.springframework.security.web.access.intercept.FilterSecurityInterceptor@3b021664]
2019-06-06 15:14:23.908  INFO 2004 --- [main] o.s.s.concurrent.ThreadPoolTaskExecutor  : Initializing ExecutorService 'applicationTaskExecutor'
2019-06-06 15:14:23.967  WARN 2004 --- [main] aWebConfiguration$JpaWebMvcConfiguration : spring.jpa.open-in-view is enabled by default. Therefore, database queries may be performed during view rendering. Explicitly configure spring.jpa.open-in-view to disable this warning
2019-06-06 15:14:24.112  WARN 2004 --- [main] org.thymeleaf.templatemode.TemplateMode  : [THYMELEAF][main] Template Mode 'HTML5' is deprecated. Using Template Mode 'HTML' instead.
2019-06-06 15:14:24.152  INFO 2004 --- [main] o.s.b.a.w.s.WelcomePageHandlerMapping    : Adding welcome page template: index
2019-06-06 15:14:24.470  INFO 2004 --- [main] o.s.b.w.embedded.tomcat.TomcatWebServer  : Tomcat started on port(s): 8081 (http) with context path ''
2019-06-06 15:14:24.472  INFO 2004 --- [main] com.demo.SpringbootapiApplication        : Started SpringbootapiApplication in 7.098 seconds (JVM running for 7.746)
2019-06-06 15:14:33.250  INFO 10784 --- [main] com.demo.SpringbootapiApplication        : Starting SpringbootapiApplication on DESKTOP-RRC9P7A with PID 10784 (E:\Study\Springboot\springbootapi\target\classes started by Admin in E:\Study\Springboot\springbootapi)
2019-06-06 15:14:33.253  INFO 10784 --- [main] com.demo.SpringbootapiApplication        : No active profile set, falling back to default profiles: default
2019-06-06 15:14:34.681  INFO 10784 --- [main] .s.d.r.c.RepositoryConfigurationDelegate : Bootstrapping Spring Data repositories in DEFAULT mode.
2019-06-06 15:14:34.779  INFO 10784 --- [main] .s.d.r.c.RepositoryConfigurationDelegate : Finished Spring Data repository scanning in 86ms. Found 2 repository interfaces.
2019-06-06 15:14:35.590  INFO 10784 --- [main] trationDelegate$BeanPostProcessorChecker : Bean 'org.springframework.ws.config.annotation.DelegatingWsConfiguration' of type [org.springframework.ws.config.annotation.DelegatingWsConfiguration$$EnhancerBySpringCGLIB$$7b3adc9d] is not eligible for getting processed by all BeanPostProcessors (for example: not eligible for auto-proxying)
2019-06-06 15:14:35.651  INFO 10784 --- [main] .w.s.a.s.AnnotationActionEndpointMapping : Supporting [WS-Addressing August 2004, WS-Addressing 1.0]
2019-06-06 15:14:35.712  INFO 10784 --- [main] trationDelegate$BeanPostProcessorChecker : Bean 'org.springframework.transaction.annotation.ProxyTransactionManagementConfiguration' of type [org.springframework.transaction.annotation.ProxyTransactionManagementConfiguration$$EnhancerBySpringCGLIB$$d6a3179e] is not eligible for getting processed by all BeanPostProcessors (for example: not eligible for auto-proxying)
2019-06-06 15:14:36.540  INFO 10784 --- [main] o.s.b.w.embedded.tomcat.TomcatWebServer  : Tomcat initialized with port(s): 8081 (http)
2019-06-06 15:14:36.574  INFO 10784 --- [main] o.apache.catalina.core.StandardService   : Starting service [Tomcat]
2019-06-06 15:14:36.574  INFO 10784 --- [main] org.apache.catalina.core.StandardEngine  : Starting Servlet engine: [Apache Tomcat/9.0.17]
2019-06-06 15:14:36.956  INFO 10784 --- [main] o.a.c.c.C.[Tomcat].[localhost].[/]       : Initializing Spring embedded WebApplicationContext
2019-06-06 15:14:36.957  INFO 10784 --- [main] o.s.web.context.ContextLoader            : Root WebApplicationContext: initialization completed in 3620 ms
2019-06-06 15:14:37.204  INFO 10784 --- [main] com.zaxxer.hikari.HikariDataSource       : HikariPool-1 - Starting...
2019-06-06 15:14:37.209  WARN 10784 --- [main] com.zaxxer.hikari.util.DriverDataSource  : Registered driver with driverClassName=com.mysql.jdbc.Driver was not found, trying direct instantiation.
2019-06-06 15:14:37.402  INFO 10784 --- [main] com.zaxxer.hikari.HikariDataSource       : HikariPool-1 - Start completed.
2019-06-06 15:14:37.473  INFO 10784 --- [main] o.hibernate.jpa.internal.util.LogHelper  : HHH000204: Processing PersistenceUnitInfo [
	name: default
	...]
2019-06-06 15:14:37.606  INFO 10784 --- [main] org.hibernate.Version                    : HHH000412: Hibernate Core {5.3.9.Final}
2019-06-06 15:14:37.608  INFO 10784 --- [main] org.hibernate.cfg.Environment            : HHH000206: hibernate.properties not found
2019-06-06 15:14:37.810  INFO 10784 --- [main] o.hibernate.annotations.common.Version   : HCANN000001: Hibernate Commons Annotations {5.0.4.Final}
2019-06-06 15:14:38.064  INFO 10784 --- [main] org.hibernate.dialect.Dialect            : HHH000400: Using dialect: org.hibernate.dialect.MySQLDialect
2019-06-06 15:14:38.845  INFO 10784 --- [main] j.LocalContainerEntityManagerFactoryBean : Initialized JPA EntityManagerFactory for persistence unit 'default'
2019-06-06 15:14:39.359  INFO 10784 --- [main] o.h.h.i.QueryTranslatorFactoryInitiator  : HHH000397: Using ASTQueryTranslatorFactory
2019-06-06 15:14:39.909  INFO 10784 --- [main] o.s.s.web.DefaultSecurityFilterChain     : Creating filter chain: Ant [pattern='/css/**'], []
2019-06-06 15:14:39.909  INFO 10784 --- [main] o.s.s.web.DefaultSecurityFilterChain     : Creating filter chain: Ant [pattern='/js/**'], []
2019-06-06 15:14:39.909  INFO 10784 --- [main] o.s.s.web.DefaultSecurityFilterChain     : Creating filter chain: Ant [pattern='/images/**'], []
2019-06-06 15:14:39.953  INFO 10784 --- [main] o.s.s.web.DefaultSecurityFilterChain     : Creating filter chain: any request, [org.springframework.security.web.context.request.async.WebAsyncManagerIntegrationFilter@1669931a, org.springframework.security.web.context.SecurityContextPersistenceFilter@45d7495e, org.springframework.security.web.header.HeaderWriterFilter@2964511, org.springframework.web.filter.CorsFilter@6b24ddd7, org.springframework.security.web.authentication.logout.LogoutFilter@1377b1a0, org.springframework.security.web.authentication.www.BasicAuthenticationFilter@30cafd13, org.springframework.security.web.savedrequest.RequestCacheAwareFilter@3dde5f38, org.springframework.security.web.servletapi.SecurityContextHolderAwareRequestFilter@1a536164, org.springframework.security.web.authentication.AnonymousAuthenticationFilter@12e007be, org.springframework.security.web.session.SessionManagementFilter@49889154, org.springframework.security.web.access.ExceptionTranslationFilter@3ed7dd70, org.springframework.security.web.access.intercept.FilterSecurityInterceptor@67a8bcbb]
2019-06-06 15:14:40.438  INFO 10784 --- [main] o.s.s.concurrent.ThreadPoolTaskExecutor  : Initializing ExecutorService 'applicationTaskExecutor'
2019-06-06 15:14:40.513  WARN 10784 --- [main] aWebConfiguration$JpaWebMvcConfiguration : spring.jpa.open-in-view is enabled by default. Therefore, database queries may be performed during view rendering. Explicitly configure spring.jpa.open-in-view to disable this warning
2019-06-06 15:14:40.654  WARN 10784 --- [main] org.thymeleaf.templatemode.TemplateMode  : [THYMELEAF][main] Template Mode 'HTML5' is deprecated. Using Template Mode 'HTML' instead.
2019-06-06 15:14:40.694  INFO 10784 --- [main] o.s.b.a.w.s.WelcomePageHandlerMapping    : Adding welcome page template: index
2019-06-06 15:14:41.064  INFO 10784 --- [main] o.s.b.w.embedded.tomcat.TomcatWebServer  : Tomcat started on port(s): 8081 (http) with context path ''
2019-06-06 15:14:41.068  INFO 10784 --- [main] com.demo.SpringbootapiApplication        : Started SpringbootapiApplication in 8.358 seconds (JVM running for 8.866)
2019-06-06 15:15:07.444  INFO 10784 --- [http-nio-8081-exec-2] o.a.c.c.C.[Tomcat].[localhost].[/]       : Initializing Spring DispatcherServlet 'dispatcherServlet'
2019-06-06 15:15:07.445  INFO 10784 --- [http-nio-8081-exec-2] o.s.web.servlet.DispatcherServlet        : Initializing Servlet 'dispatcherServlet'
2019-06-06 15:15:07.457  INFO 10784 --- [http-nio-8081-exec-2] o.s.web.servlet.DispatcherServlet        : Completed initialization in 12 ms
2019-06-06 15:15:35.493  WARN 10784 --- [http-nio-8081-exec-5] .w.s.m.s.DefaultHandlerExceptionResolver : Resolved [org.springframework.web.HttpRequestMethodNotSupportedException: Request method 'POST' not supported]
2019-06-06 15:16:28.730  INFO 10600 --- [main] com.demo.SpringbootapiApplication        : Starting SpringbootapiApplication on DESKTOP-RRC9P7A with PID 10600 (E:\Study\Springboot\springbootapi\target\classes started by Admin in E:\Study\Springboot\springbootapi)
2019-06-06 15:16:28.736  INFO 10600 --- [main] com.demo.SpringbootapiApplication        : No active profile set, falling back to default profiles: default
2019-06-06 15:16:30.878  INFO 10600 --- [main] .s.d.r.c.RepositoryConfigurationDelegate : Bootstrapping Spring Data repositories in DEFAULT mode.
2019-06-06 15:16:31.057  INFO 10600 --- [main] .s.d.r.c.RepositoryConfigurationDelegate : Finished Spring Data repository scanning in 161ms. Found 2 repository interfaces.
2019-06-06 15:16:32.061  INFO 10600 --- [main] trationDelegate$BeanPostProcessorChecker : Bean 'org.springframework.ws.config.annotation.DelegatingWsConfiguration' of type [org.springframework.ws.config.annotation.DelegatingWsConfiguration$$EnhancerBySpringCGLIB$$39e13b0a] is not eligible for getting processed by all BeanPostProcessors (for example: not eligible for auto-proxying)
2019-06-06 15:16:32.148  INFO 10600 --- [main] .w.s.a.s.AnnotationActionEndpointMapping : Supporting [WS-Addressing August 2004, WS-Addressing 1.0]
2019-06-06 15:16:32.235  INFO 10600 --- [main] trationDelegate$BeanPostProcessorChecker : Bean 'org.springframework.transaction.annotation.ProxyTransactionManagementConfiguration' of type [org.springframework.transaction.annotation.ProxyTransactionManagementConfiguration$$EnhancerBySpringCGLIB$$9549760b] is not eligible for getting processed by all BeanPostProcessors (for example: not eligible for auto-proxying)
2019-06-06 15:16:33.343  INFO 10600 --- [main] o.s.b.w.embedded.tomcat.TomcatWebServer  : Tomcat initialized with port(s): 8081 (http)
2019-06-06 15:16:33.399  INFO 10600 --- [main] o.apache.catalina.core.StandardService   : Starting service [Tomcat]
2019-06-06 15:16:33.399  INFO 10600 --- [main] org.apache.catalina.core.StandardEngine  : Starting Servlet engine: [Apache Tomcat/9.0.17]
2019-06-06 15:16:33.648  INFO 10600 --- [main] o.a.c.c.C.[Tomcat].[localhost].[/]       : Initializing Spring embedded WebApplicationContext
2019-06-06 15:16:33.648  INFO 10600 --- [main] o.s.web.context.ContextLoader            : Root WebApplicationContext: initialization completed in 4781 ms
2019-06-06 15:16:34.010  INFO 10600 --- [main] com.zaxxer.hikari.HikariDataSource       : HikariPool-1 - Starting...
2019-06-06 15:16:34.015  WARN 10600 --- [main] com.zaxxer.hikari.util.DriverDataSource  : Registered driver with driverClassName=com.mysql.jdbc.Driver was not found, trying direct instantiation.
2019-06-06 15:16:34.307  INFO 10600 --- [main] com.zaxxer.hikari.HikariDataSource       : HikariPool-1 - Start completed.
2019-06-06 15:16:34.398  INFO 10600 --- [main] o.hibernate.jpa.internal.util.LogHelper  : HHH000204: Processing PersistenceUnitInfo [
	name: default
	...]
2019-06-06 15:16:34.597  INFO 10600 --- [main] org.hibernate.Version                    : HHH000412: Hibernate Core {5.3.9.Final}
2019-06-06 15:16:34.600  INFO 10600 --- [main] org.hibernate.cfg.Environment            : HHH000206: hibernate.properties not found
2019-06-06 15:16:34.924  INFO 10600 --- [main] o.hibernate.annotations.common.Version   : HCANN000001: Hibernate Commons Annotations {5.0.4.Final}
2019-06-06 15:16:35.317  INFO 10600 --- [main] org.hibernate.dialect.Dialect            : HHH000400: Using dialect: org.hibernate.dialect.MySQLDialect
2019-06-06 15:16:36.613  INFO 10600 --- [main] j.LocalContainerEntityManagerFactoryBean : Initialized JPA EntityManagerFactory for persistence unit 'default'
2019-06-06 15:16:37.282  INFO 10600 --- [main] o.h.h.i.QueryTranslatorFactoryInitiator  : HHH000397: Using ASTQueryTranslatorFactory
2019-06-06 15:16:38.431  INFO 10600 --- [main] o.s.s.web.DefaultSecurityFilterChain     : Creating filter chain: Ant [pattern='/css/**'], []
2019-06-06 15:16:38.432  INFO 10600 --- [main] o.s.s.web.DefaultSecurityFilterChain     : Creating filter chain: Ant [pattern='/js/**'], []
2019-06-06 15:16:38.433  INFO 10600 --- [main] o.s.s.web.DefaultSecurityFilterChain     : Creating filter chain: Ant [pattern='/images/**'], []
2019-06-06 15:16:38.553  INFO 10600 --- [main] o.s.s.web.DefaultSecurityFilterChain     : Creating filter chain: any request, [org.springframework.security.web.context.request.async.WebAsyncManagerIntegrationFilter@167bb934, org.springframework.security.web.context.SecurityContextPersistenceFilter@2dfd157b, org.springframework.security.web.header.HeaderWriterFilter@4a3333be, org.springframework.web.filter.CorsFilter@3b3f62d7, org.springframework.security.web.authentication.logout.LogoutFilter@10b2c1cf, org.springframework.security.web.authentication.www.BasicAuthenticationFilter@28e8dee7, org.springframework.security.web.savedrequest.RequestCacheAwareFilter@46290193, org.springframework.security.web.servletapi.SecurityContextHolderAwareRequestFilter@fb42c1c, org.springframework.security.web.authentication.AnonymousAuthenticationFilter@5b3ee43e, org.springframework.security.web.session.SessionManagementFilter@7d2be319, org.springframework.security.web.access.ExceptionTranslationFilter@5eb041b5, org.springframework.security.web.access.intercept.FilterSecurityInterceptor@462b239f]
2019-06-06 15:16:38.927  INFO 10600 --- [main] o.s.s.concurrent.ThreadPoolTaskExecutor  : Initializing ExecutorService 'applicationTaskExecutor'
2019-06-06 15:16:39.061  WARN 10600 --- [main] aWebConfiguration$JpaWebMvcConfiguration : spring.jpa.open-in-view is enabled by default. Therefore, database queries may be performed during view rendering. Explicitly configure spring.jpa.open-in-view to disable this warning
2019-06-06 15:16:39.274  WARN 10600 --- [main] org.thymeleaf.templatemode.TemplateMode  : [THYMELEAF][main] Template Mode 'HTML5' is deprecated. Using Template Mode 'HTML' instead.
2019-06-06 15:16:39.327  INFO 10600 --- [main] o.s.b.a.w.s.WelcomePageHandlerMapping    : Adding welcome page template: index
2019-06-06 15:16:39.650 ERROR 10600 --- [main] org.apache.catalina.util.LifecycleBase   : Failed to start component [Connector[HTTP/1.1-8081]]

org.apache.catalina.LifecycleException: Protocol handler start failed
	at org.apache.catalina.connector.Connector.startInternal(Connector.java:1008) ~[tomcat-embed-core-9.0.17.jar:9.0.17]
	at org.apache.catalina.util.LifecycleBase.start(LifecycleBase.java:183) ~[tomcat-embed-core-9.0.17.jar:9.0.17]
	at org.apache.catalina.core.StandardService.addConnector(StandardService.java:226) [tomcat-embed-core-9.0.17.jar:9.0.17]
	at org.springframework.boot.web.embedded.tomcat.TomcatWebServer.addPreviouslyRemovedConnectors(TomcatWebServer.java:259) [spring-boot-2.1.4.RELEASE.jar:2.1.4.RELEASE]
	at org.springframework.boot.web.embedded.tomcat.TomcatWebServer.start(TomcatWebServer.java:197) [spring-boot-2.1.4.RELEASE.jar:2.1.4.RELEASE]
	at org.springframework.boot.web.servlet.context.ServletWebServerApplicationContext.startWebServer(ServletWebServerApplicationContext.java:311) [spring-boot-2.1.4.RELEASE.jar:2.1.4.RELEASE]
	at org.springframework.boot.web.servlet.context.ServletWebServerApplicationContext.finishRefresh(ServletWebServerApplicationContext.java:164) [spring-boot-2.1.4.RELEASE.jar:2.1.4.RELEASE]
	at org.springframework.context.support.AbstractApplicationContext.refresh(AbstractApplicationContext.java:552) [spring-context-5.1.6.RELEASE.jar:5.1.6.RELEASE]
	at org.springframework.boot.web.servlet.context.ServletWebServerApplicationContext.refresh(ServletWebServerApplicationContext.java:142) [spring-boot-2.1.4.RELEASE.jar:2.1.4.RELEASE]
	at org.springframework.boot.SpringApplication.refresh(SpringApplication.java:775) [spring-boot-2.1.4.RELEASE.jar:2.1.4.RELEASE]
	at org.springframework.boot.SpringApplication.refreshContext(SpringApplication.java:397) [spring-boot-2.1.4.RELEASE.jar:2.1.4.RELEASE]
	at org.springframework.boot.SpringApplication.run(SpringApplication.java:316) [spring-boot-2.1.4.RELEASE.jar:2.1.4.RELEASE]
	at org.springframework.boot.SpringApplication.run(SpringApplication.java:1260) [spring-boot-2.1.4.RELEASE.jar:2.1.4.RELEASE]
	at org.springframework.boot.SpringApplication.run(SpringApplication.java:1248) [spring-boot-2.1.4.RELEASE.jar:2.1.4.RELEASE]
	at com.demo.SpringbootapiApplication.main(SpringbootapiApplication.java:29) [classes/:na]
Caused by: java.net.BindException: Address already in use: bind
	at sun.nio.ch.Net.bind0(Native Method) ~[na:1.8.0_201]
	at sun.nio.ch.Net.bind(Unknown Source) ~[na:1.8.0_201]
	at sun.nio.ch.Net.bind(Unknown Source) ~[na:1.8.0_201]
	at sun.nio.ch.ServerSocketChannelImpl.bind(Unknown Source) ~[na:1.8.0_201]
	at sun.nio.ch.ServerSocketAdaptor.bind(Unknown Source) ~[na:1.8.0_201]
	at org.apache.tomcat.util.net.NioEndpoint.initServerSocket(NioEndpoint.java:236) ~[tomcat-embed-core-9.0.17.jar:9.0.17]
	at org.apache.tomcat.util.net.NioEndpoint.bind(NioEndpoint.java:210) ~[tomcat-embed-core-9.0.17.jar:9.0.17]
	at org.apache.tomcat.util.net.AbstractEndpoint.bindWithCleanup(AbstractEndpoint.java:1103) ~[tomcat-embed-core-9.0.17.jar:9.0.17]
	at org.apache.tomcat.util.net.AbstractEndpoint.start(AbstractEndpoint.java:1189) ~[tomcat-embed-core-9.0.17.jar:9.0.17]
	at org.apache.coyote.AbstractProtocol.start(AbstractProtocol.java:568) ~[tomcat-embed-core-9.0.17.jar:9.0.17]
	at org.apache.catalina.connector.Connector.startInternal(Connector.java:1005) ~[tomcat-embed-core-9.0.17.jar:9.0.17]
	... 14 common frames omitted

2019-06-06 15:16:39.664  INFO 10600 --- [main] o.apache.catalina.core.StandardService   : Stopping service [Tomcat]
2019-06-06 15:16:39.677  INFO 10600 --- [main] ConditionEvaluationReportLoggingListener : 

Error starting ApplicationContext. To display the conditions report re-run your application with 'debug' enabled.
2019-06-06 15:16:39.680 ERROR 10600 --- [main] o.s.b.d.LoggingFailureAnalysisReporter   : 

***************************
APPLICATION FAILED TO START
***************************

Description:

The Tomcat connector configured to listen on port 8081 failed to start. The port may already be in use or the connector may be misconfigured.

Action:

Verify the connector's configuration, identify and stop any process that's listening on port 8081, or configure this application to listen on another port.

2019-06-06 15:16:39.684  INFO 10600 --- [main] o.s.s.concurrent.ThreadPoolTaskExecutor  : Shutting down ExecutorService 'applicationTaskExecutor'
2019-06-06 15:16:39.688  INFO 10600 --- [main] j.LocalContainerEntityManagerFactoryBean : Closing JPA EntityManagerFactory for persistence unit 'default'
2019-06-06 15:16:39.691  INFO 10600 --- [main] com.zaxxer.hikari.HikariDataSource       : HikariPool-1 - Shutdown initiated...
2019-06-06 15:16:39.699  INFO 10600 --- [main] com.zaxxer.hikari.HikariDataSource       : HikariPool-1 - Shutdown completed.
2019-06-06 15:17:14.311  INFO 11552 --- [main] com.demo.SpringbootapiApplication        : Starting SpringbootapiApplication on DESKTOP-RRC9P7A with PID 11552 (E:\Study\Springboot\springbootapi\target\classes started by Admin in E:\Study\Springboot\springbootapi)
2019-06-06 15:17:14.318  INFO 11552 --- [main] com.demo.SpringbootapiApplication        : No active profile set, falling back to default profiles: default
2019-06-06 15:17:16.174  INFO 11552 --- [main] .s.d.r.c.RepositoryConfigurationDelegate : Bootstrapping Spring Data repositories in DEFAULT mode.
2019-06-06 15:17:16.317  INFO 11552 --- [main] .s.d.r.c.RepositoryConfigurationDelegate : Finished Spring Data repository scanning in 125ms. Found 2 repository interfaces.
2019-06-06 15:17:17.155  INFO 11552 --- [main] trationDelegate$BeanPostProcessorChecker : Bean 'org.springframework.ws.config.annotation.DelegatingWsConfiguration' of type [org.springframework.ws.config.annotation.DelegatingWsConfiguration$$EnhancerBySpringCGLIB$$95fcb667] is not eligible for getting processed by all BeanPostProcessors (for example: not eligible for auto-proxying)
2019-06-06 15:17:17.220  INFO 11552 --- [main] .w.s.a.s.AnnotationActionEndpointMapping : Supporting [WS-Addressing August 2004, WS-Addressing 1.0]
2019-06-06 15:17:17.276  INFO 11552 --- [main] trationDelegate$BeanPostProcessorChecker : Bean 'org.springframework.transaction.annotation.ProxyTransactionManagementConfiguration' of type [org.springframework.transaction.annotation.ProxyTransactionManagementConfiguration$$EnhancerBySpringCGLIB$$f164f168] is not eligible for getting processed by all BeanPostProcessors (for example: not eligible for auto-proxying)
2019-06-06 15:17:18.288  INFO 11552 --- [main] o.s.b.w.embedded.tomcat.TomcatWebServer  : Tomcat initialized with port(s): 8081 (http)
2019-06-06 15:17:18.342  INFO 11552 --- [main] o.apache.catalina.core.StandardService   : Starting service [Tomcat]
2019-06-06 15:17:18.343  INFO 11552 --- [main] org.apache.catalina.core.StandardEngine  : Starting Servlet engine: [Apache Tomcat/9.0.17]
2019-06-06 15:17:18.633  INFO 11552 --- [main] o.a.c.c.C.[Tomcat].[localhost].[/]       : Initializing Spring embedded WebApplicationContext
2019-06-06 15:17:18.634  INFO 11552 --- [main] o.s.web.context.ContextLoader            : Root WebApplicationContext: initialization completed in 4198 ms
2019-06-06 15:17:19.018  INFO 11552 --- [main] com.zaxxer.hikari.HikariDataSource       : HikariPool-1 - Starting...
2019-06-06 15:17:19.023  WARN 11552 --- [main] com.zaxxer.hikari.util.DriverDataSource  : Registered driver with driverClassName=com.mysql.jdbc.Driver was not found, trying direct instantiation.
2019-06-06 15:17:19.334  INFO 11552 --- [main] com.zaxxer.hikari.HikariDataSource       : HikariPool-1 - Start completed.
2019-06-06 15:17:19.432  INFO 11552 --- [main] o.hibernate.jpa.internal.util.LogHelper  : HHH000204: Processing PersistenceUnitInfo [
	name: default
	...]
2019-06-06 15:17:19.640  INFO 11552 --- [main] org.hibernate.Version                    : HHH000412: Hibernate Core {5.3.9.Final}
2019-06-06 15:17:19.642  INFO 11552 --- [main] org.hibernate.cfg.Environment            : HHH000206: hibernate.properties not found
2019-06-06 15:17:19.986  INFO 11552 --- [main] o.hibernate.annotations.common.Version   : HCANN000001: Hibernate Commons Annotations {5.0.4.Final}
2019-06-06 15:17:20.397  INFO 11552 --- [main] org.hibernate.dialect.Dialect            : HHH000400: Using dialect: org.hibernate.dialect.MySQLDialect
2019-06-06 15:17:21.767  INFO 11552 --- [main] j.LocalContainerEntityManagerFactoryBean : Initialized JPA EntityManagerFactory for persistence unit 'default'
2019-06-06 15:17:22.352  INFO 11552 --- [main] o.h.h.i.QueryTranslatorFactoryInitiator  : HHH000397: Using ASTQueryTranslatorFactory
2019-06-06 15:17:23.369  INFO 11552 --- [main] o.s.s.web.DefaultSecurityFilterChain     : Creating filter chain: Ant [pattern='/css/**'], []
2019-06-06 15:17:23.373  INFO 11552 --- [main] o.s.s.web.DefaultSecurityFilterChain     : Creating filter chain: Ant [pattern='/js/**'], []
2019-06-06 15:17:23.374  INFO 11552 --- [main] o.s.s.web.DefaultSecurityFilterChain     : Creating filter chain: Ant [pattern='/images/**'], []
2019-06-06 15:17:23.457  INFO 11552 --- [main] o.s.s.web.DefaultSecurityFilterChain     : Creating filter chain: any request, [org.springframework.security.web.context.request.async.WebAsyncManagerIntegrationFilter@5c70c771, org.springframework.security.web.context.SecurityContextPersistenceFilter@1a5a4f8, org.springframework.security.web.header.HeaderWriterFilter@73eae5f, org.springframework.web.filter.CorsFilter@346690d6, org.springframework.security.web.authentication.logout.LogoutFilter@160e45c8, org.springframework.security.web.authentication.www.BasicAuthenticationFilter@3fda8dae, org.springframework.security.web.savedrequest.RequestCacheAwareFilter@174f0d06, org.springframework.security.web.servletapi.SecurityContextHolderAwareRequestFilter@2d36add1, org.springframework.security.web.authentication.AnonymousAuthenticationFilter@2831c178, org.springframework.security.web.session.SessionManagementFilter@337eeceb, org.springframework.security.web.access.ExceptionTranslationFilter@38b0e2a7, org.springframework.security.web.access.intercept.FilterSecurityInterceptor@7c5c2b17]
2019-06-06 15:17:23.757  INFO 11552 --- [main] o.s.s.concurrent.ThreadPoolTaskExecutor  : Initializing ExecutorService 'applicationTaskExecutor'
2019-06-06 15:17:23.877  WARN 11552 --- [main] aWebConfiguration$JpaWebMvcConfiguration : spring.jpa.open-in-view is enabled by default. Therefore, database queries may be performed during view rendering. Explicitly configure spring.jpa.open-in-view to disable this warning
2019-06-06 15:17:24.030  WARN 11552 --- [main] org.thymeleaf.templatemode.TemplateMode  : [THYMELEAF][main] Template Mode 'HTML5' is deprecated. Using Template Mode 'HTML' instead.
2019-06-06 15:17:24.103  INFO 11552 --- [main] o.s.b.a.w.s.WelcomePageHandlerMapping    : Adding welcome page template: index
2019-06-06 15:17:24.404  INFO 11552 --- [main] o.s.b.w.embedded.tomcat.TomcatWebServer  : Tomcat started on port(s): 8081 (http) with context path ''
2019-06-06 15:17:24.408  INFO 11552 --- [main] com.demo.SpringbootapiApplication        : Started SpringbootapiApplication in 11.007 seconds (JVM running for 12.099)
2019-06-06 15:17:30.940  INFO 11552 --- [http-nio-8081-exec-1] o.a.c.c.C.[Tomcat].[localhost].[/]       : Initializing Spring DispatcherServlet 'dispatcherServlet'
2019-06-06 15:17:30.941  INFO 11552 --- [http-nio-8081-exec-1] o.s.web.servlet.DispatcherServlet        : Initializing Servlet 'dispatcherServlet'
2019-06-06 15:17:30.959  INFO 11552 --- [http-nio-8081-exec-1] o.s.web.servlet.DispatcherServlet        : Completed initialization in 18 ms
2019-06-06 15:19:01.079  INFO 2876 --- [main] com.demo.SpringbootapiApplication        : Starting SpringbootapiApplication on DESKTOP-RRC9P7A with PID 2876 (E:\Study\Springboot\springbootapi\target\classes started by Admin in E:\Study\Springboot\springbootapi)
2019-06-06 15:19:01.086  INFO 2876 --- [main] com.demo.SpringbootapiApplication        : No active profile set, falling back to default profiles: default
2019-06-06 15:19:02.843  INFO 2876 --- [main] .s.d.r.c.RepositoryConfigurationDelegate : Bootstrapping Spring Data repositories in DEFAULT mode.
2019-06-06 15:19:02.978  INFO 2876 --- [main] .s.d.r.c.RepositoryConfigurationDelegate : Finished Spring Data repository scanning in 120ms. Found 2 repository interfaces.
2019-06-06 15:19:03.757  INFO 2876 --- [main] trationDelegate$BeanPostProcessorChecker : Bean 'org.springframework.ws.config.annotation.DelegatingWsConfiguration' of type [org.springframework.ws.config.annotation.DelegatingWsConfiguration$$EnhancerBySpringCGLIB$$fc5cf3be] is not eligible for getting processed by all BeanPostProcessors (for example: not eligible for auto-proxying)
2019-06-06 15:19:03.836  INFO 2876 --- [main] .w.s.a.s.AnnotationActionEndpointMapping : Supporting [WS-Addressing August 2004, WS-Addressing 1.0]
2019-06-06 15:19:03.891  INFO 2876 --- [main] trationDelegate$BeanPostProcessorChecker : Bean 'org.springframework.transaction.annotation.ProxyTransactionManagementConfiguration' of type [org.springframework.transaction.annotation.ProxyTransactionManagementConfiguration$$EnhancerBySpringCGLIB$$57c52ebf] is not eligible for getting processed by all BeanPostProcessors (for example: not eligible for auto-proxying)
2019-06-06 15:19:04.916  INFO 2876 --- [main] o.s.b.w.embedded.tomcat.TomcatWebServer  : Tomcat initialized with port(s): 8081 (http)
2019-06-06 15:19:04.957  INFO 2876 --- [main] o.apache.catalina.core.StandardService   : Starting service [Tomcat]
2019-06-06 15:19:04.958  INFO 2876 --- [main] org.apache.catalina.core.StandardEngine  : Starting Servlet engine: [Apache Tomcat/9.0.17]
2019-06-06 15:19:05.205  INFO 2876 --- [main] o.a.c.c.C.[Tomcat].[localhost].[/]       : Initializing Spring embedded WebApplicationContext
2019-06-06 15:19:05.206  INFO 2876 --- [main] o.s.web.context.ContextLoader            : Root WebApplicationContext: initialization completed in 3993 ms
2019-06-06 15:19:05.593  INFO 2876 --- [main] com.zaxxer.hikari.HikariDataSource       : HikariPool-1 - Starting...
2019-06-06 15:19:05.600  WARN 2876 --- [main] com.zaxxer.hikari.util.DriverDataSource  : Registered driver with driverClassName=com.mysql.jdbc.Driver was not found, trying direct instantiation.
2019-06-06 15:19:05.940  INFO 2876 --- [main] com.zaxxer.hikari.HikariDataSource       : HikariPool-1 - Start completed.
2019-06-06 15:19:06.034  INFO 2876 --- [main] o.hibernate.jpa.internal.util.LogHelper  : HHH000204: Processing PersistenceUnitInfo [
	name: default
	...]
2019-06-06 15:19:06.261  INFO 2876 --- [main] org.hibernate.Version                    : HHH000412: Hibernate Core {5.3.9.Final}
2019-06-06 15:19:06.264  INFO 2876 --- [main] org.hibernate.cfg.Environment            : HHH000206: hibernate.properties not found
2019-06-06 15:19:06.623  INFO 2876 --- [main] o.hibernate.annotations.common.Version   : HCANN000001: Hibernate Commons Annotations {5.0.4.Final}
2019-06-06 15:19:06.997  INFO 2876 --- [main] org.hibernate.dialect.Dialect            : HHH000400: Using dialect: org.hibernate.dialect.MySQLDialect
2019-06-06 15:19:08.469  INFO 2876 --- [main] j.LocalContainerEntityManagerFactoryBean : Initialized JPA EntityManagerFactory for persistence unit 'default'
2019-06-06 15:19:09.111  INFO 2876 --- [main] o.h.h.i.QueryTranslatorFactoryInitiator  : HHH000397: Using ASTQueryTranslatorFactory
2019-06-06 15:19:10.000  INFO 2876 --- [main] o.s.s.web.DefaultSecurityFilterChain     : Creating filter chain: Ant [pattern='/css/**'], []
2019-06-06 15:19:10.001  INFO 2876 --- [main] o.s.s.web.DefaultSecurityFilterChain     : Creating filter chain: Ant [pattern='/js/**'], []
2019-06-06 15:19:10.001  INFO 2876 --- [main] o.s.s.web.DefaultSecurityFilterChain     : Creating filter chain: Ant [pattern='/images/**'], []
2019-06-06 15:19:10.078  INFO 2876 --- [main] o.s.s.web.DefaultSecurityFilterChain     : Creating filter chain: any request, [org.springframework.security.web.context.request.async.WebAsyncManagerIntegrationFilter@18d396eb, org.springframework.security.web.context.SecurityContextPersistenceFilter@486bcaa, org.springframework.security.web.header.HeaderWriterFilter@488b46da, org.springframework.web.filter.CorsFilter@2bee1c13, org.springframework.security.web.authentication.logout.LogoutFilter@3a359f7c, org.springframework.security.web.authentication.www.BasicAuthenticationFilter@74026b18, org.springframework.security.web.savedrequest.RequestCacheAwareFilter@2f3a0f37, org.springframework.security.web.servletapi.SecurityContextHolderAwareRequestFilter@6003eb60, org.springframework.security.web.authentication.AnonymousAuthenticationFilter@1859b996, org.springframework.security.web.session.SessionManagementFilter@12dc702b, org.springframework.security.web.access.ExceptionTranslationFilter@1ec4fdcf, org.springframework.security.web.access.intercept.FilterSecurityInterceptor@6f2a1ff0]
2019-06-06 15:19:10.529  INFO 2876 --- [main] o.s.s.concurrent.ThreadPoolTaskExecutor  : Initializing ExecutorService 'applicationTaskExecutor'
2019-06-06 15:19:10.631  WARN 2876 --- [main] aWebConfiguration$JpaWebMvcConfiguration : spring.jpa.open-in-view is enabled by default. Therefore, database queries may be performed during view rendering. Explicitly configure spring.jpa.open-in-view to disable this warning
2019-06-06 15:19:10.803  WARN 2876 --- [main] org.thymeleaf.templatemode.TemplateMode  : [THYMELEAF][main] Template Mode 'HTML5' is deprecated. Using Template Mode 'HTML' instead.
2019-06-06 15:19:10.859  INFO 2876 --- [main] o.s.b.a.w.s.WelcomePageHandlerMapping    : Adding welcome page template: index
2019-06-06 15:19:11.204  INFO 2876 --- [main] o.s.b.w.embedded.tomcat.TomcatWebServer  : Tomcat started on port(s): 8081 (http) with context path ''
2019-06-06 15:19:11.206  INFO 2876 --- [main] com.demo.SpringbootapiApplication        : Started SpringbootapiApplication in 11.092 seconds (JVM running for 12.236)
2019-06-06 15:19:45.210  INFO 17896 --- [main] com.demo.SpringbootapiApplication        : Starting SpringbootapiApplication on DESKTOP-RRC9P7A with PID 17896 (E:\Study\Springboot\springbootapi\target\classes started by Admin in E:\Study\Springboot\springbootapi)
2019-06-06 15:19:45.213  INFO 17896 --- [main] com.demo.SpringbootapiApplication        : No active profile set, falling back to default profiles: default
2019-06-06 15:19:46.619  INFO 17896 --- [main] .s.d.r.c.RepositoryConfigurationDelegate : Bootstrapping Spring Data repositories in DEFAULT mode.
2019-06-06 15:19:46.775  INFO 17896 --- [main] .s.d.r.c.RepositoryConfigurationDelegate : Finished Spring Data repository scanning in 145ms. Found 2 repository interfaces.
2019-06-06 15:19:47.349  INFO 17896 --- [main] trationDelegate$BeanPostProcessorChecker : Bean 'org.springframework.ws.config.annotation.DelegatingWsConfiguration' of type [org.springframework.ws.config.annotation.DelegatingWsConfiguration$$EnhancerBySpringCGLIB$$8932ac71] is not eligible for getting processed by all BeanPostProcessors (for example: not eligible for auto-proxying)
2019-06-06 15:19:47.386  INFO 17896 --- [main] .w.s.a.s.AnnotationActionEndpointMapping : Supporting [WS-Addressing August 2004, WS-Addressing 1.0]
2019-06-06 15:19:47.433  INFO 17896 --- [main] trationDelegate$BeanPostProcessorChecker : Bean 'org.springframework.transaction.annotation.ProxyTransactionManagementConfiguration' of type [org.springframework.transaction.annotation.ProxyTransactionManagementConfiguration$$EnhancerBySpringCGLIB$$e49ae772] is not eligible for getting processed by all BeanPostProcessors (for example: not eligible for auto-proxying)
2019-06-06 15:19:48.097  INFO 17896 --- [main] o.s.b.w.embedded.tomcat.TomcatWebServer  : Tomcat initialized with port(s): 8081 (http)
2019-06-06 15:19:48.137  INFO 17896 --- [main] o.apache.catalina.core.StandardService   : Starting service [Tomcat]
2019-06-06 15:19:48.138  INFO 17896 --- [main] org.apache.catalina.core.StandardEngine  : Starting Servlet engine: [Apache Tomcat/9.0.17]
2019-06-06 15:19:48.425  INFO 17896 --- [main] o.a.c.c.C.[Tomcat].[localhost].[/]       : Initializing Spring embedded WebApplicationContext
2019-06-06 15:19:48.426  INFO 17896 --- [main] o.s.web.context.ContextLoader            : Root WebApplicationContext: initialization completed in 3106 ms
2019-06-06 15:19:48.727  INFO 17896 --- [main] com.zaxxer.hikari.HikariDataSource       : HikariPool-1 - Starting...
2019-06-06 15:19:48.733  WARN 17896 --- [main] com.zaxxer.hikari.util.DriverDataSource  : Registered driver with driverClassName=com.mysql.jdbc.Driver was not found, trying direct instantiation.
2019-06-06 15:19:48.943  INFO 17896 --- [main] com.zaxxer.hikari.HikariDataSource       : HikariPool-1 - Start completed.
2019-06-06 15:19:49.013  INFO 17896 --- [main] o.hibernate.jpa.internal.util.LogHelper  : HHH000204: Processing PersistenceUnitInfo [
	name: default
	...]
2019-06-06 15:19:49.181  INFO 17896 --- [main] org.hibernate.Version                    : HHH000412: Hibernate Core {5.3.9.Final}
2019-06-06 15:19:49.183  INFO 17896 --- [main] org.hibernate.cfg.Environment            : HHH000206: hibernate.properties not found
2019-06-06 15:19:49.335  INFO 17896 --- [main] o.hibernate.annotations.common.Version   : HCANN000001: Hibernate Commons Annotations {5.0.4.Final}
2019-06-06 15:19:49.508  INFO 17896 --- [main] org.hibernate.dialect.Dialect            : HHH000400: Using dialect: org.hibernate.dialect.MySQLDialect
2019-06-06 15:19:50.358  INFO 17896 --- [main] j.LocalContainerEntityManagerFactoryBean : Initialized JPA EntityManagerFactory for persistence unit 'default'
2019-06-06 15:19:50.869  INFO 17896 --- [main] o.h.h.i.QueryTranslatorFactoryInitiator  : HHH000397: Using ASTQueryTranslatorFactory
2019-06-06 15:19:51.449  INFO 17896 --- [main] o.s.s.web.DefaultSecurityFilterChain     : Creating filter chain: Ant [pattern='/css/**'], []
2019-06-06 15:19:51.450  INFO 17896 --- [main] o.s.s.web.DefaultSecurityFilterChain     : Creating filter chain: Ant [pattern='/js/**'], []
2019-06-06 15:19:51.450  INFO 17896 --- [main] o.s.s.web.DefaultSecurityFilterChain     : Creating filter chain: Ant [pattern='/images/**'], []
2019-06-06 15:19:51.511  INFO 17896 --- [main] o.s.s.web.DefaultSecurityFilterChain     : Creating filter chain: any request, [org.springframework.security.web.context.request.async.WebAsyncManagerIntegrationFilter@58186f9f, org.springframework.security.web.context.SecurityContextPersistenceFilter@67a8bcbb, org.springframework.security.web.header.HeaderWriterFilter@4abbe41c, org.springframework.web.filter.CorsFilter@62faf77, org.springframework.security.web.authentication.logout.LogoutFilter@7548e1fb, org.springframework.security.web.authentication.www.BasicAuthenticationFilter@18e6b72b, org.springframework.security.web.savedrequest.RequestCacheAwareFilter@26ffd2c0, org.springframework.security.web.servletapi.SecurityContextHolderAwareRequestFilter@619c3546, org.springframework.security.web.authentication.AnonymousAuthenticationFilter@1f39269d, org.springframework.security.web.session.SessionManagementFilter@6f0a4e30, org.springframework.security.web.access.ExceptionTranslationFilter@720a1fd0, org.springframework.security.web.access.intercept.FilterSecurityInterceptor@595fed99]
2019-06-06 15:19:52.177  INFO 17896 --- [main] o.s.s.concurrent.ThreadPoolTaskExecutor  : Initializing ExecutorService 'applicationTaskExecutor'
2019-06-06 15:19:52.253  WARN 17896 --- [main] aWebConfiguration$JpaWebMvcConfiguration : spring.jpa.open-in-view is enabled by default. Therefore, database queries may be performed during view rendering. Explicitly configure spring.jpa.open-in-view to disable this warning
2019-06-06 15:19:52.424  WARN 17896 --- [main] org.thymeleaf.templatemode.TemplateMode  : [THYMELEAF][main] Template Mode 'HTML5' is deprecated. Using Template Mode 'HTML' instead.
2019-06-06 15:19:52.479  INFO 17896 --- [main] o.s.b.a.w.s.WelcomePageHandlerMapping    : Adding welcome page template: index
2019-06-06 15:19:52.788  INFO 17896 --- [main] o.s.b.w.embedded.tomcat.TomcatWebServer  : Tomcat started on port(s): 8081 (http) with context path ''
2019-06-06 15:19:52.791  INFO 17896 --- [main] com.demo.SpringbootapiApplication        : Started SpringbootapiApplication in 8.138 seconds (JVM running for 8.643)
